Compiling the C compiler identification source file "CMakeCCompilerId.c" failed.
Compiler: /Applications/Xcode.app/Contents/Developer/Toolchains/XcodeDefault.xctoolchain/usr/bin/cc 
Build flags: 
Id flags:  

The output was:
1
ld: library not found for -lSystem
clang: error: linker command failed with exit code 1 (use -v to see invocation)


Compiling the CXX compiler identification source file "CMakeCXXCompilerId.cpp" failed.
Compiler: /Applications/Xcode.app/Contents/Developer/Toolchains/XcodeDefault.xctoolchain/usr/bin/c++ 
Build flags: 
Id flags:  

The output was:
1
ld: library not found for -lc++
clang: error: linker command failed with exit code 1 (use -v to see invocation)


Determining if the function IceConnectionNumber exists in the ICE failed with the following output:
Change Dir: /Users/MIN/Desktop/geant4/LAMPS/ToF/build/CMakeFiles/CMakeTmp

Run Build Command(s):/usr/bin/make -f Makefile cmTC_0d46c/fast && /Applications/Xcode.app/Contents/Developer/usr/bin/make  -f CMakeFiles/cmTC_0d46c.dir/build.make CMakeFiles/cmTC_0d46c.dir/build
Building C object CMakeFiles/cmTC_0d46c.dir/CheckFunctionExists.c.o
/Applications/Xcode.app/Contents/Developer/Toolchains/XcodeDefault.xctoolchain/usr/bin/cc   -DCHECK_FUNCTION_EXISTS=IceConnectionNumber -arch arm64 -isysroot /Applications/Xcode.app/Contents/Developer/Platforms/MacOSX.platform/Developer/SDKs/MacOSX12.3.sdk -MD -MT CMakeFiles/cmTC_0d46c.dir/CheckFunctionExists.c.o -MF CMakeFiles/cmTC_0d46c.dir/CheckFunctionExists.c.o.d -o CMakeFiles/cmTC_0d46c.dir/CheckFunctionExists.c.o -c /opt/homebrew/Cellar/cmake/3.22.3/share/cmake/Modules/CheckFunctionExists.c
Linking C executable cmTC_0d46c
/opt/homebrew/Cellar/cmake/3.22.3/bin/cmake -E cmake_link_script CMakeFiles/cmTC_0d46c.dir/link.txt --verbose=1
/Applications/Xcode.app/Contents/Developer/Toolchains/XcodeDefault.xctoolchain/usr/bin/cc  -DCHECK_FUNCTION_EXISTS=IceConnectionNumber -arch arm64 -isysroot /Applications/Xcode.app/Contents/Developer/Platforms/MacOSX.platform/Developer/SDKs/MacOSX12.3.sdk -Wl,-search_paths_first -Wl,-headerpad_max_install_names -L/opt/homebrew/opt/llvm/lib  CMakeFiles/cmTC_0d46c.dir/CheckFunctionExists.c.o -o cmTC_0d46c   -L/opt/homebrew/lib  -Wl,-rpath,/opt/homebrew/lib -lICE 
ld: library not found for -lICE
clang: error: linker command failed with exit code 1 (use -v to see invocation)
make[1]: *** [cmTC_0d46c] Error 1
make: *** [cmTC_0d46c/fast] Error 2



